NULL

NULL

NULL

array(2) {
  ["messages"]=>
  array(1) {
    [0]=>
    array(15) {
      ["id"]=>
      string(43) "false_79267775156@c.us_3A87B7CABD85E886D8D2"
      ["body"]=>
      string(5) "Hello"
      ["fromMe"]=>
      bool(false)
      ["self"]=>
      int(0)
      ["isForwarded"]=>
      int(0)
      ["author"]=>
      string(16) "79267775156@c.us"
      ["time"]=>
      int(1592226806)
      ["chatId"]=>
      string(16) "79267775156@c.us"
      ["messageNumber"]=>
      int(492)
      ["type"]=>
      string(4) "chat"
      ["senderName"]=>
      string(5) "Vigen"
      ["caption"]=>
      NULL
      ["quotedMsgBody"]=>
      NULL
      ["quotedMsgId"]=>
      NULL
      ["chatName"]=>
      string(16) "+7 926 777-51-56"
    }
  }
  ["instanceId"]=>
  string(6) "139041"
}

array(2) {
  ["messages"]=>
  array(1) {
    [0]=>
    array(15) {
      ["id"]=>
      string(42) "true_79267775156@c.us_3EB0A23CE696D1C303DB"
      ["body"]=>
      string(291) "Incorrect command
Commands:
1. chatid - show ID of the current chat
2. time - show server time
3. me - show your nickname
4. file [format] - get a file. Available formats: doc/gif/jpg/png/pdf/mp3/mp4
5. ptt - get a voice message
6. geo - get a location
7. group - create a group with the bot"
      ["fromMe"]=>
      bool(true)
      ["self"]=>
      int(1)
      ["isForwarded"]=>
      int(0)
      ["author"]=>
      string(16) "37477424845@c.us"
      ["time"]=>
      int(1592226810)
      ["chatId"]=>
      string(16) "79267775156@c.us"
      ["messageNumber"]=>
      int(494)
      ["type"]=>
      string(4) "chat"
      ["senderName"]=>
      string(5) "Ashot"
      ["caption"]=>
      NULL
      ["quotedMsgBody"]=>
      NULL
      ["quotedMsgId"]=>
      NULL
      ["chatName"]=>
      string(16) "+7 926 777-51-56"
    }
  }
  ["instanceId"]=>
  string(6) "139041"
}

array(2) {
  ["messages"]=>
  array(1) {
    [0]=>
    array(15) {
      ["id"]=>
      string(43) "false_79267775156@c.us_3A8F69100404F11CE69A"
      ["body"]=>
      string(4) "time"
      ["fromMe"]=>
      bool(false)
      ["self"]=>
      int(0)
      ["isForwarded"]=>
      int(0)
      ["author"]=>
      string(16) "79267775156@c.us"
      ["time"]=>
      int(1592227280)
      ["chatId"]=>
      string(16) "79267775156@c.us"
      ["messageNumber"]=>
      int(495)
      ["type"]=>
      string(4) "chat"
      ["senderName"]=>
      string(5) "Vigen"
      ["caption"]=>
      NULL
      ["quotedMsgBody"]=>
      NULL
      ["quotedMsgId"]=>
      NULL
      ["chatName"]=>
      string(16) "+7 926 777-51-56"
    }
  }
  ["instanceId"]=>
  string(6) "139041"
}

array(2) {
  ["messages"]=>
  array(1) {
    [0]=>
    array(15) {
      ["id"]=>
      string(42) "true_79267775156@c.us_3EB0E0C5F7044B2870DC"
      ["body"]=>
      string(19) "15.06.2020 17:21:22"
      ["fromMe"]=>
      bool(true)
      ["self"]=>
      int(1)
      ["isForwarded"]=>
      int(0)
      ["author"]=>
      string(16) "37477424845@c.us"
      ["time"]=>
      int(1592227283)
      ["chatId"]=>
      string(16) "79267775156@c.us"
      ["messageNumber"]=>
      int(497)
      ["type"]=>
      string(4) "chat"
      ["senderName"]=>
      string(5) "Ashot"
      ["caption"]=>
      NULL
      ["quotedMsgBody"]=>
      NULL
      ["quotedMsgId"]=>
      NULL
      ["chatName"]=>
      string(16) "+7 926 777-51-56"
    }
  }
  ["instanceId"]=>
  string(6) "139041"
}

array(2) {
  ["messages"]=>
  array(1) {
    [0]=>
    array(15) {
      ["id"]=>
      string(54) "true_79267775156@c.us_1EA1A525736F0A07874D96717D9B38A4"
      ["body"]=>
      string(2) "me"
      ["fromMe"]=>
      bool(true)
      ["self"]=>
      int(0)
      ["isForwarded"]=>
      int(0)
      ["author"]=>
      string(16) "37477424845@c.us"
      ["time"]=>
      int(1592227388)
      ["chatId"]=>
      string(16) "79267775156@c.us"
      ["messageNumber"]=>
      int(498)
      ["type"]=>
      string(4) "chat"
      ["senderName"]=>
      string(5) "Ashot"
      ["caption"]=>
      NULL
      ["quotedMsgBody"]=>
      NULL
      ["quotedMsgId"]=>
      NULL
      ["chatName"]=>
      string(16) "+7 926 777-51-56"
    }
  }
  ["instanceId"]=>
  string(6) "139041"
}

array(2) {
  ["messages"]=>
  array(1) {
    [0]=>
    array(15) {
      ["id"]=>
      string(43) "false_79267775156@c.us_3AB3018828484ECFFFFD"
      ["body"]=>
      string(2) "me"
      ["fromMe"]=>
      bool(false)
      ["self"]=>
      int(0)
      ["isForwarded"]=>
      int(0)
      ["author"]=>
      string(16) "79267775156@c.us"
      ["time"]=>
      int(1592227432)
      ["chatId"]=>
      string(16) "79267775156@c.us"
      ["messageNumber"]=>
      int(500)
      ["type"]=>
      string(4) "chat"
      ["senderName"]=>
      string(5) "Vigen"
      ["caption"]=>
      NULL
      ["quotedMsgBody"]=>
      NULL
      ["quotedMsgId"]=>
      NULL
      ["chatName"]=>
      string(16) "+7 926 777-51-56"
    }
  }
  ["instanceId"]=>
  string(6) "139041"
}

array(2) {
  ["messages"]=>
  array(1) {
    [0]=>
    array(15) {
      ["id"]=>
      string(42) "true_79267775156@c.us_3EB0F88168ECF6CDEB48"
      ["body"]=>
      string(5) "Vigen"
      ["fromMe"]=>
      bool(true)
      ["self"]=>
      int(1)
      ["isForwarded"]=>
      int(0)
      ["author"]=>
      string(16) "37477424845@c.us"
      ["time"]=>
      int(1592227435)
      ["chatId"]=>
      string(16) "79267775156@c.us"
      ["messageNumber"]=>
      int(502)
      ["type"]=>
      string(4) "chat"
      ["senderName"]=>
      string(5) "Ashot"
      ["caption"]=>
      NULL
      ["quotedMsgBody"]=>
      NULL
      ["quotedMsgId"]=>
      NULL
      ["chatName"]=>
      string(16) "+7 926 777-51-56"
    }
  }
  ["instanceId"]=>
  string(6) "139041"
}

